Arguments: 
  /usr/bin/node /usr/share/yarn/bin/yarn.js add node-sass -D

PATH: 
  /usr/local/sbin:/usr/local/bin:/usr/sbin:/usr/bin:/sbin:/bin:/usr/games:/usr/local/games:/snap/bin

Yarn version: 
  1.15.2

Node version: 
  8.10.0

Platform: 
  linux x64

Trace: 
  Error: EACCES: permission denied, mkdir '/home/erick/projetos/react1/node_modules/@babel/core/node_modules'

npm manifest: 
  {
    "name": "react1",
    "version": "1.0.0",
    "description": "",
    "main": "index.js",
    "scripts": {
      "dev": "webpack-dev-server --mode development"
    },
    "repository": "git+https://github.com/a1693000/react1.git",
    "keywords": [],
    "author": "Erick Zen Iwamoto <erick_zen_@hotmail.com>",
    "license": "ISC",
    "bugs": {
      "url": "https://github.com/a1693000/react1/issues"
    },
    "homepage": "https://github.com/a1693000/react1#readme",
    "devDependencies": {
      "@babel/core": "^7.3.4",
      "@babel/plugin-proposal-class-properties": "^7.3.4",
      "@babel/preset-env": "^7.3.4",
      "@babel/preset-react": "^7.0.0",
      "babel-loader": "^8.0.5",
      "css-loader": "^2.1.1",
      "node-sass": "^4.11.0",
      "sass-loader": "^7.1.0",
      "style-loader": "^0.23.1",
      "webpack": "^4.29.6",
      "webpack-cli": "^3.3.0",
      "webpack-dev-server": "^3.2.1"
    },
    "dependencies": {
      "prop-types": "^15.7.2",
      "react": "^16.8.4",
      "react-dom": "^16.8.4"
    }
  }

yarn manifest: 
  No manifest

Lockfile: 
  No lockfile
